TN:
SF:renderer\state.ts
FN:140,getCompressOption
FNF:1
FNH:0
FNDA:0,getCompressOption
DA:1,1
DA:2,1
DA:3,1
DA:4,1
DA:5,1
DA:6,1
DA:7,1
DA:8,1
DA:9,1
DA:10,1
DA:11,1
DA:12,1
DA:13,1
DA:14,1
DA:15,1
DA:16,1
DA:17,1
DA:18,1
DA:19,1
DA:20,1
DA:21,1
DA:22,1
DA:23,1
DA:24,1
DA:25,1
DA:26,1
DA:27,1
DA:28,1
DA:29,1
DA:30,1
DA:31,1
DA:32,1
DA:33,1
DA:34,1
DA:35,1
DA:36,1
DA:37,1
DA:38,1
DA:39,1
DA:40,1
DA:41,1
DA:42,1
DA:43,1
DA:44,1
DA:45,1
DA:46,1
DA:47,1
DA:48,1
DA:49,1
DA:50,1
DA:51,1
DA:52,1
DA:53,1
DA:54,1
DA:55,1
DA:56,1
DA:57,1
DA:58,1
DA:59,1
DA:60,1
DA:61,1
DA:62,1
DA:63,1
DA:64,1
DA:65,1
DA:66,1
DA:67,1
DA:68,1
DA:69,1
DA:70,1
DA:71,1
DA:72,1
DA:73,1
DA:74,1
DA:75,1
DA:76,1
DA:77,1
DA:78,1
DA:79,1
DA:80,1
DA:81,1
DA:82,1
DA:83,1
DA:84,1
DA:85,1
DA:86,1
DA:87,1
DA:88,1
DA:89,1
DA:90,1
DA:91,1
DA:92,1
DA:93,1
DA:94,1
DA:95,1
DA:96,1
DA:97,1
DA:98,1
DA:99,1
DA:100,1
DA:101,1
DA:102,1
DA:103,1
DA:104,1
DA:105,0
DA:106,0
DA:107,0
DA:108,0
DA:109,0
DA:110,0
DA:111,0
DA:112,0
DA:113,0
DA:114,1
DA:115,1
DA:116,1
DA:117,0
DA:118,0
DA:119,0
DA:120,0
DA:121,0
DA:122,0
DA:123,0
DA:124,0
DA:125,0
DA:126,0
DA:127,0
DA:128,0
DA:129,0
DA:130,0
DA:131,0
DA:132,0
DA:133,1
DA:134,1
DA:135,1
DA:136,1
DA:137,1
DA:138,1
DA:139,1
DA:140,0
DA:141,0
DA:142,0
DA:143,0
DA:144,0
DA:145,0
DA:146,0
DA:147,0
DA:148,0
LF:148
LH:114
BRDA:95,0,0,1
BRF:1
BRH:1
end_of_record
TN:
SF:renderer\utils.ts
FN:10,fsize
FN:23,handleFilesDrop
FN:47,getNewDimension
FNF:3
FNH:1
FNDA:0,fsize
FNDA:0,handleFilesDrop
FNDA:7,getNewDimension
DA:1,1
DA:2,1
DA:3,1
DA:4,1
DA:5,1
DA:6,1
DA:7,1
DA:8,1
DA:9,1
DA:10,0
DA:11,0
DA:12,0
DA:13,0
DA:14,0
DA:15,0
DA:16,0
DA:17,0
DA:18,1
DA:19,1
DA:20,1
DA:21,1
DA:22,1
DA:23,0
DA:24,0
DA:25,0
DA:26,0
DA:27,0
DA:28,0
DA:29,0
DA:30,0
DA:31,0
DA:32,0
DA:33,0
DA:34,0
DA:35,1
DA:36,1
DA:37,1
DA:38,1
DA:39,1
DA:40,1
DA:41,1
DA:42,1
DA:43,1
DA:44,1
DA:45,1
DA:46,1
DA:47,7
DA:48,7
DA:49,7
DA:50,7
DA:51,7
DA:52,2
DA:53,2
DA:54,2
DA:55,7
DA:56,1
DA:57,1
DA:58,1
DA:59,1
DA:60,7
DA:61,2
DA:62,2
DA:63,2
DA:64,2
DA:65,7
DA:66,7
DA:67,7
DA:68,0
DA:69,0
DA:70,0
DA:71,0
DA:72,7
DA:73,1
DA:74,1
DA:75,1
DA:76,1
DA:77,7
DA:78,7
DA:79,7
LF:79
LH:55
BRDA:47,0,0,7
BRDA:51,1,0,2
BRDA:51,2,0,2
BRDA:55,3,0,2
BRDA:55,4,0,1
BRDA:55,5,0,1
BRDA:60,6,0,3
BRDA:60,7,0,2
BRDA:60,8,0,2
BRDA:67,9,0,1
BRDA:67,10,0,0
BRDA:72,11,0,6
BRDA:72,12,0,1
BRF:13
BRH:12
end_of_record
